2019-11-30 22:54:29 INFO  CucemberFramework Demo:24 - ****** Launching the browser ****************
2019-11-30 22:54:34 INFO  CucemberFramework Demo:34 - ****** Opening the URL ****************
2019-11-30 22:54:38 INFO  CucemberFramework Demo:43 - ****** Users enters the email and password ****************
2019-11-30 22:54:38 INFO  CucemberFramework Demo:51 - ****** Clicks on the login buton ****************
2019-11-30 22:54:52 INFO  CucemberFramework Demo:81 - ****** Close the URL ****************
2019-11-30 22:54:53 INFO  CucemberFramework Demo:24 - ****** Launching the browser ****************
2019-11-30 22:54:55 INFO  CucemberFramework Demo:34 - ****** Opening the URL ****************
2019-11-30 22:54:59 INFO  CucemberFramework Demo:43 - ****** Users enters the email and password ****************
2019-11-30 22:55:00 INFO  CucemberFramework Demo:51 - ****** Clicks on the login buton ****************
2019-11-30 22:55:13 INFO  CucemberFramework Demo:81 - ****** Close the URL ****************
2019-11-30 23:29:51 INFO  CucemberFramework Demo:54 - ****** Launching the browser ****************
2019-11-30 23:29:51 INFO  CucemberFramework Demo:63 - ****** Opening the URL ****************
2019-11-30 23:29:56 INFO  CucemberFramework Demo:72 - ****** Users enters the email and password ****************
2019-11-30 23:29:56 INFO  CucemberFramework Demo:80 - ****** Clicks on the login buton ****************
2019-11-30 23:30:11 INFO  CucemberFramework Demo:110 - ****** Close the URL ****************
2019-11-30 23:30:16 INFO  CucemberFramework Demo:54 - ****** Launching the browser ****************
2019-11-30 23:30:16 INFO  CucemberFramework Demo:63 - ****** Opening the URL ****************
2019-11-30 23:30:20 INFO  CucemberFramework Demo:72 - ****** Users enters the email and password ****************
2019-11-30 23:30:20 INFO  CucemberFramework Demo:80 - ****** Clicks on the login buton ****************
2019-11-30 23:30:30 INFO  CucemberFramework Demo:110 - ****** Close the URL ****************
2019-11-30 23:34:10 INFO  CucemberFramework Demo:58 - ****** Launching the browser ****************
2019-11-30 23:34:10 INFO  CucemberFramework Demo:67 - ****** Opening the URL ****************
2019-11-30 23:34:10 INFO  CucemberFramework Demo:58 - ****** Launching the browser ****************
2019-11-30 23:34:10 INFO  CucemberFramework Demo:67 - ****** Opening the URL ****************
2019-11-30 23:35:49 INFO  CucemberFramework Demo:58 - ****** Launching the browser ****************
2019-11-30 23:35:49 INFO  CucemberFramework Demo:67 - ****** Opening the URL ****************
2019-11-30 23:35:49 INFO  CucemberFramework Demo:58 - ****** Launching the browser ****************
2019-11-30 23:35:49 INFO  CucemberFramework Demo:67 - ****** Opening the URL ****************
2019-11-30 23:38:04 INFO  CucemberFramework Demo:58 - ****** Launching the browser ****************
2019-11-30 23:38:04 INFO  CucemberFramework Demo:67 - ****** Opening the URL ****************
2019-11-30 23:38:04 INFO  CucemberFramework Demo:58 - ****** Launching the browser ****************
2019-11-30 23:38:04 INFO  CucemberFramework Demo:67 - ****** Opening the URL ****************
2019-11-30 23:39:35 INFO  CucemberFramework Demo:36 - ****** Launching the chrome browser ****************
2019-11-30 23:39:38 INFO  CucemberFramework Demo:58 - ****** Launching the browser ****************
2019-11-30 23:39:38 INFO  CucemberFramework Demo:67 - ****** Opening the URL ****************
2019-11-30 23:39:41 INFO  CucemberFramework Demo:76 - ****** Users enters the email and password ****************
2019-11-30 23:39:41 INFO  CucemberFramework Demo:84 - ****** Clicks on the login buton ****************
2019-11-30 23:39:53 INFO  CucemberFramework Demo:114 - ****** Close the URL ****************
2019-11-30 23:39:55 INFO  CucemberFramework Demo:36 - ****** Launching the chrome browser ****************
2019-11-30 23:39:57 INFO  CucemberFramework Demo:58 - ****** Launching the browser ****************
2019-11-30 23:39:57 INFO  CucemberFramework Demo:67 - ****** Opening the URL ****************
2019-11-30 23:40:00 INFO  CucemberFramework Demo:76 - ****** Users enters the email and password ****************
2019-11-30 23:40:01 INFO  CucemberFramework Demo:84 - ****** Clicks on the login buton ****************
2019-11-30 23:40:14 INFO  CucemberFramework Demo:114 - ****** Close the URL ****************
2019-12-01 00:01:10 INFO  CucemberFramework Demo:36 - ****** Launching the chrome browser ****************
2019-12-01 00:01:13 INFO  CucemberFramework Demo:58 - ****** Launching the browser ****************
2019-12-01 00:01:13 INFO  CucemberFramework Demo:67 - ****** Opening the URL ****************
2019-12-01 00:01:16 INFO  CucemberFramework Demo:76 - ****** Users enters the email and password ****************
2019-12-01 00:01:16 INFO  CucemberFramework Demo:84 - ****** Clicks on the login buton ****************
2019-12-01 00:01:30 INFO  CucemberFramework Demo:92 - ****** Getting the titile of the page ****************
2019-12-01 00:01:30 INFO  CucemberFramework Demo:106 - ****** Click on the logout button ****************
2019-12-01 00:01:36 INFO  CucemberFramework Demo:92 - ****** Getting the titile of the page ****************
2019-12-01 00:01:36 INFO  CucemberFramework Demo:114 - ****** Close the URL ****************
2019-12-01 00:01:37 INFO  CucemberFramework Demo:36 - ****** Launching the chrome browser ****************
2019-12-01 00:01:39 INFO  CucemberFramework Demo:58 - ****** Launching the browser ****************
2019-12-01 00:01:39 INFO  CucemberFramework Demo:67 - ****** Opening the URL ****************
2019-12-01 00:01:42 INFO  CucemberFramework Demo:76 - ****** Users enters the email and password ****************
2019-12-01 00:01:43 INFO  CucemberFramework Demo:84 - ****** Clicks on the login buton ****************
2019-12-01 00:01:53 INFO  CucemberFramework Demo:92 - ****** Getting the titile of the page ****************
2019-12-01 00:01:53 INFO  CucemberFramework Demo:106 - ****** Click on the logout button ****************
2019-12-01 00:01:58 INFO  CucemberFramework Demo:92 - ****** Getting the titile of the page ****************
2019-12-01 00:01:58 INFO  CucemberFramework Demo:114 - ****** Close the URL ****************
2019-12-01 00:01:59 INFO  CucemberFramework Demo:36 - ****** Launching the chrome browser ****************
2019-12-01 00:02:01 INFO  CucemberFramework Demo:58 - ****** Launching the browser ****************
2019-12-01 00:02:01 INFO  CucemberFramework Demo:67 - ****** Opening the URL ****************
2019-12-01 00:02:03 INFO  CucemberFramework Demo:76 - ****** Users enters the email and password ****************
2019-12-01 00:02:03 INFO  CucemberFramework Demo:84 - ****** Clicks on the login buton ****************
2019-12-01 00:02:09 INFO  CucemberFramework Demo:92 - ****** Getting the titile of the page ****************
2019-12-01 00:02:21 INFO  CucemberFramework Demo:36 - ****** Launching the chrome browser ****************
2019-12-01 00:02:25 INFO  CucemberFramework Demo:58 - ****** Launching the browser ****************
2019-12-01 00:02:25 INFO  CucemberFramework Demo:67 - ****** Opening the URL ****************
2019-12-01 00:02:27 INFO  CucemberFramework Demo:76 - ****** Users enters the email and password ****************
2019-12-01 00:02:27 INFO  CucemberFramework Demo:84 - ****** Clicks on the login buton ****************
2019-12-01 00:02:37 INFO  CucemberFramework Demo:92 - ****** Getting the titile of the page ****************
2019-12-01 00:02:37 INFO  CucemberFramework Demo:106 - ****** Click on the logout button ****************
2019-12-01 00:02:42 INFO  CucemberFramework Demo:92 - ****** Getting the titile of the page ****************
2019-12-01 00:02:42 INFO  CucemberFramework Demo:114 - ****** Close the URL ****************
2019-12-01 00:03:10 INFO  CucemberFramework Demo:36 - ****** Launching the chrome browser ****************
2019-12-01 00:03:13 INFO  CucemberFramework Demo:58 - ****** Launching the browser ****************
2019-12-01 00:03:13 INFO  CucemberFramework Demo:67 - ****** Opening the URL ****************
2019-12-01 00:03:17 INFO  CucemberFramework Demo:76 - ****** Users enters the email and password ****************
2019-12-01 00:03:18 INFO  CucemberFramework Demo:84 - ****** Clicks on the login buton ****************
2019-12-01 00:03:32 INFO  CucemberFramework Demo:92 - ****** Getting the titile of the page ****************
2019-12-01 00:03:32 INFO  CucemberFramework Demo:106 - ****** Click on the logout button ****************
2019-12-01 00:03:37 INFO  CucemberFramework Demo:92 - ****** Getting the titile of the page ****************
2019-12-01 00:03:37 INFO  CucemberFramework Demo:114 - ****** Close the URL ****************
2019-12-01 00:03:38 INFO  CucemberFramework Demo:36 - ****** Launching the chrome browser ****************
2019-12-01 00:03:41 INFO  CucemberFramework Demo:58 - ****** Launching the browser ****************
2019-12-01 00:03:41 INFO  CucemberFramework Demo:67 - ****** Opening the URL ****************
2019-12-01 00:03:44 INFO  CucemberFramework Demo:76 - ****** Users enters the email and password ****************
2019-12-01 00:03:45 INFO  CucemberFramework Demo:84 - ****** Clicks on the login buton ****************
2019-12-01 00:03:54 INFO  CucemberFramework Demo:92 - ****** Getting the titile of the page ****************
2019-12-01 00:03:54 INFO  CucemberFramework Demo:106 - ****** Click on the logout button ****************
2019-12-01 00:03:59 INFO  CucemberFramework Demo:92 - ****** Getting the titile of the page ****************
2019-12-01 00:03:59 INFO  CucemberFramework Demo:114 - ****** Close the URL ****************
2019-12-01 00:04:01 INFO  CucemberFramework Demo:36 - ****** Launching the chrome browser ****************
2019-12-01 00:04:03 INFO  CucemberFramework Demo:58 - ****** Launching the browser ****************
2019-12-01 00:04:03 INFO  CucemberFramework Demo:67 - ****** Opening the URL ****************
2019-12-01 00:04:07 INFO  CucemberFramework Demo:76 - ****** Users enters the email and password ****************
2019-12-01 00:04:07 INFO  CucemberFramework Demo:84 - ****** Clicks on the login buton ****************
2019-12-01 00:04:13 INFO  CucemberFramework Demo:92 - ****** Getting the titile of the page ****************
